<?xml version="1.0" encoding="UTF-8"?>
<testng-results skipped="0" failed="0" ignored="0" total="1" passed="1">
  <reporter-output>
  </reporter-output>
  <suite name="Default suite" duration-ms="12118" started-at="2017-06-28T14:07:40Z" finished-at="2017-06-28T14:07:53Z">
    <groups>
    </groups>
    <test name="Default test" duration-ms="12118" started-at="2017-06-28T14:07:40Z" finished-at="2017-06-28T14:07:53Z">
      <class name="br.com.test.LoginTest">
        <test-method status="PASS" signature="beforeMethod()[pri:0, instance:br.com.test.LoginTest@26be92ad]" name="beforeMethod" is-config="true" duration-ms="1787" started-at="2017-06-28T11:07:40Z" finished-at="2017-06-28T11:07:42Z">
          <reporter-output>
          </reporter-output>
        </test-method> <!-- beforeMethod -->
        <test-method status="PASS" signature="testeRealizaLoginComSucesso()[pri:0, instance:br.com.test.LoginTest@26be92ad]" name="testeRealizaLoginComSucesso" duration-ms="9541" started-at="2017-06-28T11:07:42Z" finished-at="2017-06-28T11:07:52Z">
          <reporter-output>
          </reporter-output>
        </test-method> <!-- testeRealizaLoginComSucesso -->
        <test-method status="PASS" signature="afterMethod()[pri:0, instance:br.com.test.LoginTest@26be92ad]" name="afterMethod" is-config="true" duration-ms="773" started-at="2017-06-28T11:07:52Z" finished-at="2017-06-28T11:07:53Z">
          <reporter-output>
          </reporter-output>
        </test-method> <!-- afterMethod -->
      </class> <!-- br.com.test.LoginTest -->
    </test> <!-- Default test -->
  </suite> <!-- Default suite -->
</testng-results>
