<?xml version="1.0" encoding="UTF-8"?>
<!-- Generated by org.testng.reporters.JUnitXMLReporter -->
<testsuite hostname="SL01PC5" name="Default test" tests="7" failures="0" timestamp="27 Jun 2017 19:54:40 GMT" time="63.338" errors="0">
  <testcase name="testDaraDrivenExcel" time="8.402" classname="br.com.testes.TestNGDataDriven"/>
  <testcase name="testDaraDrivenExcel" time="8.821" classname="br.com.testes.TestNGDataDriven"/>
  <testcase name="testDaraDrivenExcel" time="5.716" classname="br.com.testes.TestNGDataDriven"/>
  <testcase name="testDaraDrivenExcel" time="6.853" classname="br.com.testes.TestNGDataDriven"/>
  <testcase name="testDaraDrivenExcel" time="6.669" classname="br.com.testes.TestNGDataDriven"/>
  <testcase name="testDaraDrivenExcel" time="5.283" classname="br.com.testes.TestNGDataDriven"/>
  <testcase name="testDaraDrivenExcel" time="7.94" classname="br.com.testes.TestNGDataDriven"/>
</testsuite> <!-- Default test -->
